<?xml version="1.0" encoding="UTF-8"?>
<!-- Generated by org.testng.reporters.JUnitReportReporter -->
<testsuite hostname="PC289561" name="testNG.homeWork.EditLeads" tests="1" failures="0" timestamp="27 Mar 2017 11:29:01 GMT" time="23.092" errors="0">
  <testcase name="editLeads" time="23.092" classname="testNG.homeWork.EditLeads"/>
</testsuite> <!-- testNG.homeWork.EditLeads -->
