<?xml version="1.0" encoding="UTF-8"?>
<!-- Generated by org.testng.reporters.JUnitReportReporter -->
<testsuite hostname="PC289561" name="testNG.homeWork.Mergeleads" tests="1" failures="0" timestamp="28 Mar 2017 09:51:17 GMT" time="37.733" errors="0">
  <testcase name="login" time="37.733" classname="testNG.homeWork.Mergeleads"/>
</testsuite> <!-- testNG.homeWork.Mergeleads -->
