<?xml version="1.0" encoding="UTF-8"?>
<!-- Generated by org.testng.reporters.JUnitReportReporter -->
<testsuite hostname="PC289561" name="testNG.homeWork.CreateLead" tests="1" failures="0" timestamp="27 Mar 2017 12:23:02 GMT" time="18.051" errors="0">
  <testcase name="creteLead" time="18.051" classname="testNG.homeWork.CreateLead"/>
</testsuite> <!-- testNG.homeWork.CreateLead -->
