<?xml version="1.0" encoding="UTF-8"?>
<!-- Generated by org.testng.reporters.JUnitReportReporter -->
<testsuite hostname="PC289561" name="testNG.homeWork.DupLeadWithInvoCountTimeOut" tests="2" failures="0" timestamp="28 Mar 2017 08:53:21 GMT" time="44.065" errors="0">
  <testcase name="duplicateleads" time="22.113" classname="testNG.homeWork.DupLeadWithInvoCountTimeOut"/>
  <testcase name="duplicateleads" time="21.952" classname="testNG.homeWork.DupLeadWithInvoCountTimeOut"/>
</testsuite> <!-- testNG.homeWork.DupLeadWithInvoCountTimeOut -->
