<?xml version="1.0" encoding="UTF-8"?>
<!-- Generated by org.testng.reporters.JUnitReportReporter -->
<testsuite hostname="PC289561" name="groups.hw.Mergeleads" tests="1" failures="0" timestamp="27 Mar 2017 12:35:19 GMT" time="25.091" errors="0">
  <testcase name="login" time="25.091" classname="groups.hw.Mergeleads"/>
</testsuite> <!-- groups.hw.Mergeleads -->
