<?xml version="1.0" encoding="UTF-8"?>
<!-- Generated by org.testng.reporters.JUnitReportReporter -->
<testsuite hostname="PC289561" name="Attributes.ThreadPoolSize" tests="7" failures="0" timestamp="27 Mar 2017 05:47:59 GMT" time="230.959" errors="0">
  <testcase name="createLead" time="25.238" classname="Attributes.ThreadPoolSize"/>
  <testcase name="createLead" time="24.622" classname="Attributes.ThreadPoolSize"/>
  <testcase name="createLead" time="26.422" classname="Attributes.ThreadPoolSize"/>
  <testcase name="createLead" time="46.376" classname="Attributes.ThreadPoolSize"/>
  <testcase name="createLead" time="13.371" classname="Attributes.ThreadPoolSize"/>
  <testcase name="createLead" time="46.401" classname="Attributes.ThreadPoolSize"/>
  <testcase name="createLead" time="48.529" classname="Attributes.ThreadPoolSize"/>
</testsuite> <!-- Attributes.ThreadPoolSize -->
