<?xml version="1.0" encoding="UTF-8"?>
<!-- Generated by org.testng.reporters.JUnitReportReporter -->
<testsuite hostname="PC289561" name="groups.hw.Mergelead" tests="1" failures="0" timestamp="27 Mar 2017 12:51:51 GMT" time="24.103" errors="0">
  <testcase name="login" time="24.103" classname="groups.hw.Mergelead"/>
</testsuite> <!-- groups.hw.Mergelead -->
