<?xml version="1.0" encoding="UTF-8"?>
<!-- Generated by org.testng.reporters.JUnitReportReporter -->
<testsuite hostname="PC289561" name="testNG.homeWork.MergeLeadNotReady" tests="1" failures="0" timestamp="28 Mar 2017 08:49:34 GMT" time="29.963" errors="0">
  <testcase name="login" time="29.963" classname="testNG.homeWork.MergeLeadNotReady"/>
</testsuite> <!-- testNG.homeWork.MergeLeadNotReady -->
