<?xml version="1.0" encoding="UTF-8"?>
<!-- Generated by org.testng.reporters.JUnitReportReporter -->
<testsuite hostname="PC289561" name="testNG.practise.Annotations2" tests="2" failures="0" timestamp="3 Apr 2017 08:19:28 GMT" time="0.018" errors="0">
  <testcase name="h" time="0.009" classname="testNG.practise.Annotations2"/>
  <testcase name="z" time="0.009" classname="testNG.practise.Annotations2"/>
</testsuite> <!-- testNG.practise.Annotations2 -->
