<?xml version="1.0" encoding="UTF-8"?>
<!-- Generated by org.testng.reporters.JUnitReportReporter -->
<testsuite hostname="PC289561" name="groups.hw.DeleteLeads" tests="1" failures="0" timestamp="27 Mar 2017 12:35:19 GMT" time="20.403" errors="0">
  <testcase name="deleteLeads" time="20.403" classname="groups.hw.DeleteLeads"/>
</testsuite> <!-- groups.hw.DeleteLeads -->
