<?xml version="1.0" encoding="UTF-8"?>
<!-- Generated by org.testng.reporters.JUnitReportReporter -->
<testsuite hostname="PC289561" name="groups.hw.CreateLead" tests="1" failures="0" timestamp="27 Mar 2017 12:57:43 GMT" time="18.265" errors="0">
  <testcase name="creteLead" time="18.265" classname="groups.hw.CreateLead"/>
</testsuite> <!-- groups.hw.CreateLead -->
