<?xml version="1.0" encoding="UTF-8"?>
<!-- Generated by org.testng.reporters.JUnitReportReporter -->
<testsuite hostname="PC289561" name="atClass.week4.DataProviders" tests="1" failures="0" timestamp="27 Mar 2017 08:29:44 GMT" time="17.569" errors="0">
  <testcase name="createLead" time="17.569" classname="atClass.week4.DataProviders"/>
</testsuite> <!-- atClass.week4.DataProviders -->
