<?xml version="1.0" encoding="UTF-8"?>
<!-- Generated by org.testng.reporters.JUnitReportReporter -->
<testsuite hostname="PC289561" name="testNG.homeWork.Duplicatelead" tests="1" failures="0" timestamp="28 Mar 2017 09:51:17 GMT" time="26.883" errors="0">
  <testcase name="duplicateleads" time="26.883" classname="testNG.homeWork.Duplicatelead"/>
</testsuite> <!-- testNG.homeWork.Duplicatelead -->
