<?xml version="1.0" encoding="UTF-8"?>
<!-- Generated by org.testng.reporters.JUnitReportReporter -->
<testsuite hostname="PC289561" name="testNG.homeWork.Mergeleads" tests="1" failures="0" timestamp="27 Mar 2017 11:54:19 GMT" time="39.209" errors="0">
  <testcase name="login" time="39.209" classname="testNG.homeWork.Mergeleads"/>
</testsuite> <!-- testNG.homeWork.Mergeleads -->
