<?xml version="1.0" encoding="UTF-8"?>
<!-- Generated by org.testng.reporters.JUnitReportReporter -->
<testsuite hostname="PC289561" name="testNG.homeWork.DeleteLeads" tests="1" failures="0" timestamp="28 Mar 2017 09:51:17 GMT" time="35.944" errors="0">
  <testcase name="deleteLeads" time="35.944" classname="testNG.homeWork.DeleteLeads"/>
</testsuite> <!-- testNG.homeWork.DeleteLeads -->
