<?xml version="1.0" encoding="UTF-8"?>
<!-- Generated by org.testng.reporters.JUnitReportReporter -->
<testsuite hostname="PC289561" name="groups.hw.DeleteLead" tests="1" failures="0" timestamp="27 Mar 2017 12:51:51 GMT" time="21.435" errors="0">
  <testcase name="deleteLeads" time="21.435" classname="groups.hw.DeleteLead"/>
</testsuite> <!-- groups.hw.DeleteLead -->
