<?xml version="1.0" encoding="UTF-8"?>
<!-- Generated by org.testng.reporters.JUnitReportReporter -->
<testsuite hostname="PC289561" name="testNG.homeWork.Duplicatelead" tests="1" failures="0" timestamp="27 Mar 2017 11:11:11 GMT" time="21.230" errors="0">
  <testcase name="duplicateleads" time="21.230" classname="testNG.homeWork.Duplicatelead"/>
</testsuite> <!-- testNG.homeWork.Duplicatelead -->
