<?xml version="1.0" encoding="UTF-8"?>
<!-- Generated by org.testng.reporters.JUnitReportReporter -->
<testsuite hostname="PC289561" name="groups.hw.Duplicatelead" tests="1" failures="0" timestamp="27 Mar 2017 12:57:43 GMT" time="20.557" errors="0">
  <testcase name="duplicateleads" time="20.557" classname="groups.hw.Duplicatelead"/>
</testsuite> <!-- groups.hw.Duplicatelead -->
