<?xml version="1.0" encoding="UTF-8"?>
<!-- Generated by org.testng.reporters.JUnitReportReporter -->
<testsuite hostname="PC289561" name="groups.hw.EditLeads" tests="1" failures="0" timestamp="27 Mar 2017 12:35:19 GMT" time="21.051" errors="0">
  <testcase name="editLeads" time="21.051" classname="groups.hw.EditLeads"/>
</testsuite> <!-- groups.hw.EditLeads -->
