<?xml version="1.0" encoding="UTF-8"?>
<!-- Generated by org.testng.reporters.JUnitReportReporter -->
<testsuite hostname="PC289561" name="testNG.practise.CreateLead" tests="7" failures="0" timestamp="27 Mar 2017 11:59:43 GMT" time="119.623" errors="0">
  <testcase name="createLead" time="16.936" classname="testNG.practise.CreateLead"/>
  <testcase name="createLead" time="16.845" classname="testNG.practise.CreateLead"/>
  <testcase name="createLead" time="16.775" classname="testNG.practise.CreateLead"/>
  <testcase name="createLead" time="16.310" classname="testNG.practise.CreateLead"/>
  <testcase name="createLead" time="19.487" classname="testNG.practise.CreateLead"/>
  <testcase name="createLead" time="16.699" classname="testNG.practise.CreateLead"/>
  <testcase name="createLead" time="16.571" classname="testNG.practise.CreateLead"/>
</testsuite> <!-- testNG.practise.CreateLead -->
