<?xml version="1.0" encoding="UTF-8"?>
<!-- Generated by org.testng.reporters.JUnitReportReporter -->
<testsuite hostname="PC289561" name="practising.Selenium.april.WebtableTestLeaf" tests="1" failures="0" timestamp="25 Apr 2017 09:02:47 GMT" time="7.387" errors="0">
  <testcase name="readTable" time="7.387" classname="practising.Selenium.april.WebtableTestLeaf"/>
</testsuite> <!-- practising.Selenium.april.WebtableTestLeaf -->
