<?xml version="1.0" encoding="UTF-8"?>
<!-- Generated by org.testng.reporters.JUnitReportReporter -->
<testsuite hostname="PC289561" name="testNG.homeWork.EditLeads" tests="1" failures="0" timestamp="28 Mar 2017 09:51:17 GMT" time="38.337" errors="0">
  <testcase name="editLeads" time="38.337" classname="testNG.homeWork.EditLeads"/>
</testsuite> <!-- testNG.homeWork.EditLeads -->
