<?xml version="1.0" encoding="UTF-8"?>
<!-- Generated by org.testng.reporters.JUnitReportReporter -->
<testsuite hostname="PC289561" name="groups.hw.EditLead" tests="1" failures="0" timestamp="27 Mar 2017 12:57:43 GMT" time="22.542" errors="0">
  <testcase name="editLeads" time="22.542" classname="groups.hw.EditLead"/>
</testsuite> <!-- groups.hw.EditLead -->
